# JRE version: Java(TM) SE Runtime Environment (7.0_40-b43) (build 1.7.0_40-b43)
# Java VM: Java HotSpot(TM) 64-Bit Server VM (24.0-b56 mixed mode windows-amd64 compressed oops)
Heap
 PSYoungGen      total 141312K, used 72229K [0x00000000eb280000, 0x00000000f7700000, 0x0000000100000000)
  eden space 139776K, 50% used [0x00000000eb280000,0x00000000ef7e95b0,0x00000000f3b00000)
  from space 1536K, 75% used [0x00000000f7200000,0x00000000f7320040,0x00000000f7380000)
  to   space 3072K, 0% used [0x00000000f7400000,0x00000000f7400000,0x00000000f7700000)
 ParOldGen       total 129536K, used 115309K [0x00000000c1800000, 0x00000000c9680000, 0x00000000eb280000)
  object space 129536K, 89% used [0x00000000c1800000,0x00000000c889b618,0x00000000c9680000)
 PSPermGen       total 83968K, used 53672K [0x00000000bc600000, 0x00000000c1800000, 0x00000000c1800000)
  object space 83968K, 63% used [0x00000000bc600000,0x00000000bfa6a308,0x00000000c1800000)
GC Heap History (10 events):
Event: 1143.809 GC heap before
{Heap before GC invocations=161 (full 6):
 PSYoungGen      total 101376K, used 101152K [0x00000000eb280000, 0x00000000f7b80000, 0x0000000100000000)
  eden space 99840K, 100% used [0x00000000eb280000,0x00000000f1400000,0x00000000f1400000)
  from space 1536K, 85% used [0x00000000f7a00000,0x00000000f7b48000,0x00000000f7b80000)
  to   space 2560K, 0% used [0x00000000f7680000,0x00000000f7680000,0x00000000f7900000)
 ParOldGen       total 129536K, used 110321K [0x00000000c1800000, 0x00000000c9680000, 0x00000000eb280000)
  object space 129536K, 85% used [0x00000000c1800000,0x00000000c83bc608,0x00000000c9680000)
 PSPermGen       total 83968K, used 53551K [0x00000000bc600000, 0x00000000c1800000, 0x00000000c1800000)
  object space 83968K, 63% used [0x00000000bc600000,0x00000000bfa4bd08,0x00000000c1800000)
Event: 1143.815 GC heap after
Heap after GC invocations=161 (full 6):
 PSYoungGen      total 117760K, used 2336K [0x00000000eb280000, 0x00000000f7a80000, 0x0000000100000000)
  eden space 115200K, 0% used [0x00000000eb280000,0x00000000eb280000,0x00000000f2300000)
  from space 2560K, 91% used [0x00000000f7680000,0x00000000f78c8000,0x00000000f7900000)
  to   space 1536K, 0% used [0x00000000f7900000,0x00000000f7900000,0x00000000f7a80000)
 ParOldGen       total 129536K, used 111349K [0x00000000c1800000, 0x00000000c9680000, 0x00000000eb280000)
  object space 129536K, 85% used [0x00000000c1800000,0x00000000c84bd618,0x00000000c9680000)
 PSPermGen       total 83968K, used 53551K [0x00000000bc600000, 0x00000000c1800000, 0x00000000c1800000)
  object space 83968K, 63% used [0x00000000bc600000,0x00000000bfa4bd08,0x00000000c1800000)
}
Event: 1144.432 GC heap before
{Heap before GC invocations=162 (full 6):
 PSYoungGen      total 117760K, used 117536K [0x00000000eb280000, 0x00000000f7a80000, 0x0000000100000000)
  eden space 115200K, 100% used [0x00000000eb280000,0x00000000f2300000,0x00000000f2300000)
  from space 2560K, 91% used [0x00000000f7680000,0x00000000f78c8000,0x00000000f7900000)
  to   space 1536K, 0% used [0x00000000f7900000,0x00000000f7900000,0x00000000f7a80000)
 ParOldGen       total 129536K, used 111349K [0x00000000c1800000, 0x00000000c9680000, 0x00000000eb280000)
  object space 129536K, 85% used [0x00000000c1800000,0x00000000c84bd618,0x00000000c9680000)
 PSPermGen       total 83968K, used 53553K [0x00000000bc600000, 0x00000000c1800000, 0x00000000c1800000)
  object space 83968K, 63% used [0x00000000bc600000,0x00000000bfa4c450,0x00000000c1800000)
Event: 1144.436 GC heap after
Heap after GC invocations=162 (full 6):
 PSYoungGen      total 133632K, used 608K [0x00000000eb280000, 0x00000000f7a00000, 0x0000000100000000)
  eden space 132608K, 0% used [0x00000000eb280000,0x00000000eb280000,0x00000000f3400000)
  from space 1024K, 59% used [0x00000000f7900000,0x00000000f7998000,0x00000000f7a00000)
  to   space 3072K, 0% used [0x00000000f7400000,0x00000000f7400000,0x00000000f7700000)
 ParOldGen       total 129536K, used 113197K [0x00000000c1800000, 0x00000000c9680000, 0x00000000eb280000)
  object space 129536K, 87% used [0x00000000c1800000,0x00000000c868b618,0x00000000c9680000)
 PSPermGen       total 83968K, used 53553K [0x00000000bc600000, 0x00000000c1800000, 0x00000000c1800000)
  object space 83968K, 63% used [0x00000000bc600000,0x00000000bfa4c450,0x00000000c1800000)
}
Event: 1145.349 GC heap before
{Heap before GC invocations=163 (full 6):
 PSYoungGen      total 133632K, used 133216K [0x00000000eb280000, 0x00000000f7a00000, 0x0000000100000000)
  eden space 132608K, 100% used [0x00000000eb280000,0x00000000f3400000,0x00000000f3400000)
  from space 1024K, 59% used [0x00000000f7900000,0x00000000f7998000,0x00000000f7a00000)
  to   space 3072K, 0% used [0x00000000f7400000,0x00000000f7400000,0x00000000f7700000)
 ParOldGen       total 129536K, used 113197K [0x00000000c1800000, 0x00000000c9680000, 0x00000000eb280000)
  object space 129536K, 87% used [0x00000000c1800000,0x00000000c868b618,0x00000000c9680000)
 PSPermGen       total 83968K, used 53609K [0x00000000bc600000, 0x00000000c1800000, 0x00000000c1800000)
  object space 83968K, 63% used [0x00000000bc600000,0x00000000bfa5a608,0x00000000c1800000)
Event: 1145.354 GC heap after
Heap after GC invocations=163 (full 6):
 PSYoungGen      total 154624K, used 2176K [0x00000000eb280000, 0x00000000f7980000, 0x0000000100000000)
  eden space 152064K, 0% used [0x00000000eb280000,0x00000000eb280000,0x00000000f4700000)
  from space 2560K, 85% used [0x00000000f7400000,0x00000000f7620000,0x00000000f7680000)
  to   space 3072K, 0% used [0x00000000f7680000,0x00000000f7680000,0x00000000f7980000)
 ParOldGen       total 129536K, used 113501K [0x00000000c1800000, 0x00000000c9680000, 0x00000000eb280000)
  object space 129536K, 87% used [0x00000000c1800000,0x00000000c86d7618,0x00000000c9680000)
 PSPermGen       total 83968K, used 53609K [0x00000000bc600000, 0x00000000c1800000, 0x00000000c1800000)
  object space 83968K, 63% used [0x00000000bc600000,0x00000000bfa5a608,0x00000000c1800000)
}
Event: 1147.286 GC heap before
{Heap before GC invocations=164 (full 6):
 PSYoungGen      total 154624K, used 154240K [0x00000000eb280000, 0x00000000f7980000, 0x0000000100000000)
  eden space 152064K, 100% used [0x00000000eb280000,0x00000000f4700000,0x00000000f4700000)
  from space 2560K, 85% used [0x00000000f7400000,0x00000000f7620000,0x00000000f7680000)
  to   space 3072K, 0% used [0x00000000f7680000,0x00000000f7680000,0x00000000f7980000)
 ParOldGen       total 129536K, used 113501K [0x00000000c1800000, 0x00000000c9680000, 0x00000000eb280000)
  object space 129536K, 87% used [0x00000000c1800000,0x00000000c86d7618,0x00000000c9680000)
 PSPermGen       total 83968K, used 53649K [0x00000000bc600000, 0x00000000c1800000, 0x00000000c1800000)
  object space 83968K, 63% used [0x00000000bc600000,0x00000000bfa64458,0x00000000c1800000)
Event: 1147.293 GC heap after
Heap after GC invocations=164 (full 6):
 PSYoungGen      total 147456K, used 1440K [0x00000000eb280000, 0x00000000f7800000, 0x0000000100000000)
  eden space 145920K, 0% used [0x00000000eb280000,0x00000000eb280000,0x00000000f4100000)
  from space 1536K, 93% used [0x00000000f7680000,0x00000000f77e8060,0x00000000f7800000)
  to   space 3072K, 0% used [0x00000000f7200000,0x00000000f7200000,0x00000000f7500000)
 ParOldGen       total 129536K, used 115213K [0x00000000c1800000, 0x00000000c9680000, 0x00000000eb280000)
  object space 129536K, 88% used [0x00000000c1800000,0x00000000c8883618,0x00000000c9680000)
 PSPermGen       total 83968K, used 53649K [0x00000000bc600000, 0x00000000c1800000, 0x00000000c1800000)
  object space 83968K, 63% used [0x00000000bc600000,0x00000000bfa64458,0x00000000c1800000)
}
Event: 1587.880 GC heap before
{Heap before GC invocations=165 (full 6):
 PSYoungGen      total 147456K, used 147360K [0x00000000eb280000, 0x00000000f7800000, 0x0000000100000000)
  eden space 145920K, 100% used [0x00000000eb280000,0x00000000f4100000,0x00000000f4100000)
  from space 1536K, 93% used [0x00000000f7680000,0x00000000f77e8060,0x00000000f7800000)
  to   space 3072K, 0% used [0x00000000f7200000,0x00000000f7200000,0x00000000f7500000)
 ParOldGen       total 129536K, used 115213K [0x00000000c1800000, 0x00000000c9680000, 0x00000000eb280000)
  object space 129536K, 88% used [0x00000000c1800000,0x00000000c8883618,0x00000000c9680000)
 PSPermGen       total 83968K, used 53651K [0x00000000bc600000, 0x00000000c1800000, 0x00000000c1800000)
  object space 83968K, 63% used [0x00000000bc600000,0x00000000bfa64ca0,0x00000000c1800000)
Event: 1587.949 GC heap after
Heap after GC invocations=165 (full 6):
 PSYoungGen      total 141312K, used 1152K [0x00000000eb280000, 0x00000000f7700000, 0x0000000100000000)
  eden space 139776K, 0% used [0x00000000eb280000,0x00000000eb280000,0x00000000f3b00000)
  from space 1536K, 75% used [0x00000000f7200000,0x00000000f7320040,0x00000000f7380000)
  to   space 3072K, 0% used [0x00000000f7400000,0x00000000f7400000,0x00000000f7700000)
 ParOldGen       total 129536K, used 115309K [0x00000000c1800000, 0x00000000c9680000, 0x00000000eb280000)
  object space 129536K, 89% used [0x00000000c1800000,0x00000000c889b618,0x00000000c9680000)
 PSPermGen       total 83968K, used 53651K [0x00000000bc600000, 0x00000000c1800000, 0x00000000c1800000)
  object space 83968K, 63% used [0x00000000bc600000,0x00000000bfa64ca0,0x00000000c1800000)
}

